<?xml version="1.0" encoding="UTF-8"?>
<!-- Generated by org.testng.reporters.JUnitReportReporter -->
<testsuite hostname="DESKTOP-T51MEGJ" failures="0" tests="1" name="com.webappsecurity.zero.TestScripts.VerifyTransferFundsTest" time="0.987" errors="0" timestamp="2021-05-23T12:00:58 EDT" skipped="0">
  <testcase classname="com.webappsecurity.zero.TestScripts.VerifyTransferFundsTest" name="verifyTransferFunds" time="0.987"/>
  <system-out/>
</testsuite> <!-- com.webappsecurity.zero.TestScripts.VerifyTransferFundsTest -->
