<?xml version="1.0" encoding="UTF-8"?>
<!-- Generated by org.testng.reporters.JUnitReportReporter -->
<testsuite hostname="DESKTOP-T51MEGJ" failures="0" tests="1" name="kdf.Application" time="11.401" errors="0" timestamp="2021-05-24T12:46:42 EDT" skipped="0">
  <testcase classname="kdf.Application" name="verifyInvalidLogin" time="11.401"/>
  <system-out/>
</testsuite> <!-- kdf.Application -->
