<?xml version="1.0" encoding="UTF-8"?>
<!-- Generated by org.testng.reporters.JUnitReportReporter -->
<testsuite hostname="DESKTOP-T51MEGJ" failures="0" tests="1" name="com.webappsecurity.zero.TestScripts.VerifyFundTransferTest" time="3.731" errors="0" timestamp="2021-05-24T08:36:49 EDT" skipped="0">
  <testcase classname="com.webappsecurity.zero.TestScripts.VerifyFundTransferTest" name="verifyFundTransfer" time="3.731"/>
  <system-out/>
</testsuite> <!-- com.webappsecurity.zero.TestScripts.VerifyFundTransferTest -->
